
GET
http://localhost:5173/favicon.ico
[HTTP/1.1 200 OK 0ms]

GET
http://localhost:5173/fonts/CaskaydiaCoveNerdFontMono-Regular.ttf
[HTTP/1.1 304 Not Modified 1ms]

GET
ws://localhost:30002/?token=eyJhbGciOiJIUzI1NiIsInR5cCI6IkpXVCJ9.eyJ1c2VySWQiOiI2M0NlbGZPbXFoclJsMzFxZThCX2oiLCJpYXQiOjE3NjA4NzA0MTgsImV4cCI6MTc2MDk1NjgxOH0.8bkqqRSOkAUziO30QrfhksKnQC47TIdChsoiW2Uk07w
[HTTP/1.1 101 Switching Protocols 1ms]

Firefox can’t establish a connection to the server at ws://localhost:30002/?token=eyJhbGciOiJIUzI1NiIsInR5cCI6IkpXVCJ9.eyJ1c2VySWQiOiI2M0NlbGZPbXFoclJsMzFxZThCX2oiLCJpYXQiOjE3NjA4NzA0MTgsImV4cCI6MTc2MDk1NjgxOH0.8bkqqRSOkAUziO30QrfhksKnQC47TIdChsoiW2Uk07w. Terminal.tsx:248:16
The connection to ws://localhost:30002/?token=eyJhbGciOiJIUzI1NiIsInR5cCI6IkpXVCJ9.eyJ1c2VySWQiOiI2M0NlbGZPbXFoclJsMzFxZThCX2oiLCJpYXQiOjE3NjA4NzA0MTgsImV4cCI6MTc2MDk1NjgxOH0.8bkqqRSOkAUziO30QrfhksKnQC47TIdChsoiW2Uk07w was interrupted while the page was loading. Terminal.tsx:248:16
Firefox can’t establish a connection to the server at ws://localhost:30002/?token=eyJhbGciOiJIUzI1NiIsInR5cCI6IkpXVCJ9.eyJ1c2VySWQiOiI2M0NlbGZPbXFoclJsMzFxZThCX2oiLCJpYXQiOjE3NjA4NzA0MTgsImV4cCI6MTc2MDk1NjgxOH0.8bkqqRSOkAUziO30QrfhksKnQC47TIdChsoiW2Uk07w. Terminal.tsx:248:16
The connection to ws://localhost:30002/?token=eyJhbGciOiJIUzI1NiIsInR5cCI6IkpXVCJ9.eyJ1c2VySWQiOiI2M0NlbGZPbXFoclJsMzFxZThCX2oiLCJpYXQiOjE3NjA4NzA0MTgsImV4cCI6MTc2MDk1NjgxOH0.8bkqqRSOkAUziO30QrfhksKnQC47TIdChsoiW2Uk07w was interrupted while the page was loading. Terminal.tsx:248:16
Firefox can’t establish a connection to the server at ws://localhost:30002/?token=eyJhbGciOiJIUzI1NiIsInR5cCI6IkpXVCJ9.eyJ1c2VySWQiOiI2M0NlbGZPbXFoclJsMzFxZThCX2oiLCJpYXQiOjE3NjA4NzA0MTgsImV4cCI6MTc2MDk1NjgxOH0.8bkqqRSOkAUziO30QrfhksKnQC47TIdChsoiW2Uk07w. Terminal.tsx:248:16
The connection to ws://localhost:30002/?token=eyJhbGciOiJIUzI1NiIsInR5cCI6IkpXVCJ9.eyJ1c2VySWQiOiI2M0NlbGZPbXFoclJsMzFxZThCX2oiLCJpYXQiOjE3NjA4NzA0MTgsImV4cCI6MTc2MDk1NjgxOH0.8bkqqRSOkAUziO30QrfhksKnQC47TIdChsoiW2Uk07w was interrupted while the page was loading. Terminal.tsx:248:16
Firefox can’t establish a connection to the server at ws://localhost:30002/?token=eyJhbGciOiJIUzI1NiIsInR5cCI6IkpXVCJ9.eyJ1c2VySWQiOiI2M0NlbGZPbXFoclJsMzFxZThCX2oiLCJpYXQiOjE3NjA4NzA0MTgsImV4cCI6MTc2MDk1NjgxOH0.8bkqqRSOkAUziO30QrfhksKnQC47TIdChsoiW2Uk07w. Terminal.tsx:248:16
The connection to ws://localhost:30002/?token=eyJhbGciOiJIUzI1NiIsInR5cCI6IkpXVCJ9.eyJ1c2VySWQiOiI2M0NlbGZPbXFoclJsMzFxZThCX2oiLCJpYXQiOjE3NjA4NzA0MTgsImV4cCI6MTc2MDk1NjgxOH0.8bkqqRSOkAUziO30QrfhksKnQC47TIdChsoiW2Uk07w was interrupted while the page was loading. Terminal.tsx:248:16
GET
ws://localhost:30002/?token=eyJhbGciOiJIUzI1NiIsInR5cCI6IkpXVCJ9.eyJ1c2VySWQiOiI2M0NlbGZPbXFoclJsMzFxZThCX2oiLCJpYXQiOjE3NjA4NzA0MTgsImV4cCI6MTc2MDk1NjgxOH0.8bkqqRSOkAUziO30QrfhksKnQC47TIdChsoiW2Uk07w
[HTTP/1.1 101 Switching Protocols 1ms]

Firefox can’t establish a connection to the server at ws://localhost:30002/?token=eyJhbGciOiJIUzI1NiIsInR5cCI6IkpXVCJ9.eyJ1c2VySWQiOiI2M0NlbGZPbXFoclJsMzFxZThCX2oiLCJpYXQiOjE3NjA4NzA0MTgsImV4cCI6MTc2MDk1NjgxOH0.8bkqqRSOkAUziO30QrfhksKnQC47TIdChsoiW2Uk07w. Terminal.tsx:248:16
The connection to ws://localhost:30002/?token=eyJhbGciOiJIUzI1NiIsInR5cCI6IkpXVCJ9.eyJ1c2VySWQiOiI2M0NlbGZPbXFoclJsMzFxZThCX2oiLCJpYXQiOjE3NjA4NzA0MTgsImV4cCI6MTc2MDk1NjgxOH0.8bkqqRSOkAUziO30QrfhksKnQC47TIdChsoiW2Uk07w was interrupted while the page was loading. Terminal.tsx:248:16
GET
ws://localhost:30002/?token=eyJhbGciOiJIUzI1NiIsInR5cCI6IkpXVCJ9.eyJ1c2VySWQiOiI2M0NlbGZPbXFoclJsMzFxZThCX2oiLCJpYXQiOjE3NjA4NzA0MTgsImV4cCI6MTc2MDk1NjgxOH0.8bkqqRSOkAUziO30QrfhksKnQC47TIdChsoiW2Uk07w
[HTTP/1.1 101 Switching Protocols 1ms]

Firefox can’t establish a connection to the server at ws://localhost:30002/?token=eyJhbGciOiJIUzI1NiIsInR5cCI6IkpXVCJ9.eyJ1c2VySWQiOiI2M0NlbGZPbXFoclJsMzFxZThCX2oiLCJpYXQiOjE3NjA4NzA0MTgsImV4cCI6MTc2MDk1NjgxOH0.8bkqqRSOkAUziO30QrfhksKnQC47TIdChsoiW2Uk07w. Terminal.tsx:248:16
The connection to ws://localhost:30002/?token=eyJhbGciOiJIUzI1NiIsInR5cCI6IkpXVCJ9.eyJ1c2VySWQiOiI2M0NlbGZPbXFoclJsMzFxZThCX2oiLCJpYXQiOjE3NjA4NzA0MTgsImV4cCI6MTc2MDk1NjgxOH0.8bkqqRSOkAUziO30QrfhksKnQC47TIdChsoiW2Uk07w was interrupted while the page was loading. Terminal.tsx:248:16
GET
ws://localhost:30002/?token=eyJhbGciOiJIUzI1NiIsInR5cCI6IkpXVCJ9.eyJ1c2VySWQiOiI2M0NlbGZPbXFoclJsMzFxZThCX2oiLCJpYXQiOjE3NjA4NzA0MTgsImV4cCI6MTc2MDk1NjgxOH0.8bkqqRSOkAUziO30QrfhksKnQC47TIdChsoiW2Uk07w
[HTTP/1.1 101 Switching Protocols 1ms]

Firefox can’t establish a connection to the server at ws://localhost:30002/?token=eyJhbGciOiJIUzI1NiIsInR5cCI6IkpXVCJ9.eyJ1c2VySWQiOiI2M0NlbGZPbXFoclJsMzFxZThCX2oiLCJpYXQiOjE3NjA4NzA0MTgsImV4cCI6MTc2MDk1NjgxOH0.8bkqqRSOkAUziO30QrfhksKnQC47TIdChsoiW2Uk07w. Terminal.tsx:248:16
The connection to ws://localhost:30002/?token=eyJhbGciOiJIUzI1NiIsInR5cCI6IkpXVCJ9.eyJ1c2VySWQiOiI2M0NlbGZPbXFoclJsMzFxZThCX2oiLCJpYXQiOjE3NjA4NzA0MTgsImV4cCI6MTc2MDk1NjgxOH0.8bkqqRSOkAUziO30QrfhksKnQC47TIdChsoiW2Uk07w was interrupted while the page was loading. Terminal.tsx:248:16
GET
ws://localhost:30002/?token=eyJhbGciOiJIUzI1NiIsInR5cCI6IkpXVCJ9.eyJ1c2VySWQiOiI2M0NlbGZPbXFoclJsMzFxZThCX2oiLCJpYXQiOjE3NjA4NzA0MTgsImV4cCI6MTc2MDk1NjgxOH0.8bkqqRSOkAUziO30QrfhksKnQC47TIdChsoiW2Uk07w
[HTTP/1.1 101 Switching Protocols 1ms]

Firefox can’t establish a connection to the server at ws://localhost:30002/?token=eyJhbGciOiJIUzI1NiIsInR5cCI6IkpXVCJ9.eyJ1c2VySWQiOiI2M0NlbGZPbXFoclJsMzFxZThCX2oiLCJpYXQiOjE3NjA4NzA0MTgsImV4cCI6MTc2MDk1NjgxOH0.8bkqqRSOkAUziO30QrfhksKnQC47TIdChsoiW2Uk07w. Terminal.tsx:248:16
The connection to ws://localhost:30002/?token=eyJhbGciOiJIUzI1NiIsInR5cCI6IkpXVCJ9.eyJ1c2VySWQiOiI2M0NlbGZPbXFoclJsMzFxZThCX2oiLCJpYXQiOjE3NjA4NzA0MTgsImV4cCI6MTc2MDk1NjgxOH0.8bkqqRSOkAUziO30QrfhksKnQC47TIdChsoiW2Uk07w was interrupted while the page was loading. Terminal.tsx:248:16
Firefox can’t establish a connection to the server at ws://localhost:30002/?token=eyJhbGciOiJIUzI1NiIsInR5cCI6IkpXVCJ9.eyJ1c2VySWQiOiI2M0NlbGZPbXFoclJsMzFxZThCX2oiLCJpYXQiOjE3NjA4NzA0MTgsImV4cCI6MTc2MDk1NjgxOH0.8bkqqRSOkAUziO30QrfhksKnQC47TIdChsoiW2Uk07w. Terminal.tsx:248:16
The connection to ws://localhost:30002/?token=eyJhbGciOiJIUzI1NiIsInR5cCI6IkpXVCJ9.eyJ1c2VySWQiOiI2M0NlbGZPbXFoclJsMzFxZThCX2oiLCJpYXQiOjE3NjA4NzA0MTgsImV4cCI6MTc2MDk1NjgxOH0.8bkqqRSOkAUziO30QrfhksKnQC47TIdChsoiW2Uk07w was interrupted while the page was loading. Terminal.tsx:248:16
GET
ws://localhost:30002/?token=eyJhbGciOiJIUzI1NiIsInR5cCI6IkpXVCJ9.eyJ1c2VySWQiOiI2M0NlbGZPbXFoclJsMzFxZThCX2oiLCJpYXQiOjE3NjA4NzA0MTgsImV4cCI6MTc2MDk1NjgxOH0.8bkqqRSOkAUziO30QrfhksKnQC47TIdChsoiW2Uk07w
[HTTP/1.1 101 Switching Protocols 1ms]

Firefox can’t establish a connection to the server at ws://localhost:30002/?token=eyJhbGciOiJIUzI1NiIsInR5cCI6IkpXVCJ9.eyJ1c2VySWQiOiI2M0NlbGZPbXFoclJsMzFxZThCX2oiLCJpYXQiOjE3NjA4NzA0MTgsImV4cCI6MTc2MDk1NjgxOH0.8bkqqRSOkAUziO30QrfhksKnQC47TIdChsoiW2Uk07w. Terminal.tsx:248:16
The connection to ws://localhost:30002/?token=eyJhbGciOiJIUzI1NiIsInR5cCI6IkpXVCJ9.eyJ1c2VySWQiOiI2M0NlbGZPbXFoclJsMzFxZThCX2oiLCJpYXQiOjE3NjA4NzA0MTgsImV4cCI6MTc2MDk1NjgxOH0.8bkqqRSOkAUziO30QrfhksKnQC47TIdChsoiW2Uk07w was interrupted while the page was loading. Terminal.tsx:248:16
GET
ws://localhost:30002/?token=eyJhbGciOiJIUzI1NiIsInR5cCI6IkpXVCJ9.eyJ1c2VySWQiOiI2M0NlbGZPbXFoclJsMzFxZThCX2oiLCJpYXQiOjE3NjA4NzA0MTgsImV4cCI6MTc2MDk1NjgxOH0.8bkqqRSOkAUziO30QrfhksKnQC47TIdChsoiW2Uk07w
[HTTP/1.1 101 Switching Protocols 1ms]


Terminal.tsx:640 WebSocket connection to 'ws://localhost:30002/?token=eyJhbGciOiJIUzI1NiIsInR5cCI6IkpXVCJ9.eyJ1c2VySWQiOiI2M0NlbGZPbXFoclJsMzFxZThCX2oiLCJpYXQiOjE3NjA4NzAwMDEsImV4cCI6MTc2MDk1NjQwMX0.ANGUPYSYjKtRM4abYlUfwjIhbiH5E14BV25E1jDU3vQ' failed: WebSocket is closed before the connection is established.
(anonymous) @ Terminal.tsx:640
react_stack_bottom_frame @ react-dom_client.js?v=91c54a94:17492
runWithFiberInDEV @ react-dom_client.js?v=91c54a94:1485
commitHookEffectListUnmount @ react-dom_client.js?v=91c54a94:8502
commitHookPassiveUnmountEffects @ react-dom_client.js?v=91c54a94:8521
commitPassiveUnmountOnFiber @ react-dom_client.js?v=91c54a94:10164
recursivelyTraversePassiveUnmountEffects @ react-dom_client.js?v=91c54a94:10156
commitPassiveUnmountOnFiber @ react-dom_client.js?v=91c54a94:10185
recursivelyTraversePassiveUnmountEffects @ react-dom_client.js?v=91c54a94:10156
commitPassiveUnmountOnFiber @ react-dom_client.js?v=91c54a94:10185
recursivelyTraversePassiveUnmountEffects @ react-dom_client.js?v=91c54a94:10156
commitPassiveUnmountOnFiber @ react-dom_client.js?v=91c54a94:10185
recursivelyTraversePassiveUnmountEffects @ react-dom_client.js?v=91c54a94:10156
commitPassiveUnmountOnFiber @ react-dom_client.js?v=91c54a94:10185
recursivelyTraversePassiveUnmountEffects @ react-dom_client.js?v=91c54a94:10156
commitPassiveUnmountOnFiber @ react-dom_client.js?v=91c54a94:10163
recursivelyTraversePassiveUnmountEffects @ react-dom_client.js?v=91c54a94:10156
commitPassiveUnmountOnFiber @ react-dom_client.js?v=91c54a94:10185
recursivelyTraversePassiveUnmountEffects @ react-dom_client.js?v=91c54a94:10156
commitPassiveUnmountOnFiber @ react-dom_client.js?v=91c54a94:10185
recursivelyTraversePassiveUnmountEffects @ react-dom_client.js?v=91c54a94:10156
commitPassiveUnmountOnFiber @ react-dom_client.js?v=91c54a94:10185
recursivelyTraversePassiveUnmountEffects @ react-dom_client.js?v=91c54a94:10156
commitPassiveUnmountOnFiber @ react-dom_client.js?v=91c54a94:10163
recursivelyTraversePassiveUnmountEffects @ react-dom_client.js?v=91c54a94:10156
commitPassiveUnmountOnFiber @ react-dom_client.js?v=91c54a94:10185
recursivelyTraversePassiveUnmountEffects @ react-dom_client.js?v=91c54a94:10156
commitPassiveUnmountOnFiber @ react-dom_client.js?v=91c54a94:10163
recursivelyTraversePassiveUnmountEffects @ react-dom_client.js?v=91c54a94:10156
commitPassiveUnmountOnFiber @ react-dom_client.js?v=91c54a94:10163
recursivelyTraversePassiveUnmountEffects @ react-dom_client.js?v=91c54a94:10156
commitPassiveUnmountOnFiber @ react-dom_client.js?v=91c54a94:10163
recursivelyTraversePassiveUnmountEffects @ react-dom_client.js?v=91c54a94:10156
commitPassiveUnmountOnFiber @ react-dom_client.js?v=91c54a94:10185
recursivelyTraversePassiveUnmountEffects @ react-dom_client.js?v=91c54a94:10156
commitPassiveUnmountOnFiber @ react-dom_client.js?v=91c54a94:10163
recursivelyTraversePassiveUnmountEffects @ react-dom_client.js?v=91c54a94:10156
commitPassiveUnmountOnFiber @ react-dom_client.js?v=91c54a94:10185
recursivelyTraversePassiveUnmountEffects @ react-dom_client.js?v=91c54a94:10156
commitPassiveUnmountOnFiber @ react-dom_client.js?v=91c54a94:10172
flushPassiveEffects @ react-dom_client.js?v=91c54a94:11301
(anonymous) @ react-dom_client.js?v=91c54a94:11060
performWorkUntilDeadline @ react-dom_client.js?v=91c54a94:36
<ForwardRef(SSHTerminal)>
exports.jsxDEV @ react_jsx-dev-runtime.js?v=91c54a94:250
(anonymous) @ AppView.tsx:194
renderTerminalsLayer @ AppView.tsx:174
AppView @ AppView.tsx:565
react_stack_bottom_frame @ react-dom_client.js?v=91c54a94:17424
renderWithHooksAgain @ react-dom_client.js?v=91c54a94:4281
renderWithHooks @ react-dom_client.js?v=91c54a94:4217
updateFunctionComponent @ react-dom_client.js?v=91c54a94:6619
beginWork @ react-dom_client.js?v=91c54a94:7654
runWithFiberInDEV @ react-dom_client.js?v=91c54a94:1485
performUnitOfWork @ react-dom_client.js?v=91c54a94:10868
workLoopSync @ react-dom_client.js?v=91c54a94:10728
renderRootSync @ react-dom_client.js?v=91c54a94:10711
performWorkOnRoot @ react-dom_client.js?v=91c54a94:10330
performSyncWorkOnRoot @ react-dom_client.js?v=91c54a94:11635
flushSyncWorkAcrossRoots_impl @ react-dom_client.js?v=91c54a94:11536
processRootScheduleInMicrotask @ react-dom_client.js?v=91c54a94:11558
(anonymous) @ react-dom_client.js?v=91c54a94:11649
<AppView>
exports.jsxDEV @ react_jsx-dev-runtime.js?v=91c54a94:250
AppContent @ DesktopApp.tsx:173
react_stack_bottom_frame @ react-dom_client.js?v=91c54a94:17424
renderWithHooksAgain @ react-dom_client.js?v=91c54a94:4281
renderWithHooks @ react-dom_client.js?v=91c54a94:4217
updateFunctionComponent @ react-dom_client.js?v=91c54a94:6619
beginWork @ react-dom_client.js?v=91c54a94:7654
runWithFiberInDEV @ react-dom_client.js?v=91c54a94:1485
performUnitOfWork @ react-dom_client.js?v=91c54a94:10868
workLoopSync @ react-dom_client.js?v=91c54a94:10728
renderRootSync @ react-dom_client.js?v=91c54a94:10711
performWorkOnRoot @ react-dom_client.js?v=91c54a94:10330
performWorkOnRootViaSchedulerTask @ react-dom_client.js?v=91c54a94:11623
performWorkUntilDeadline @ react-dom_client.js?v=91c54a94:36
<AppContent>
exports.jsxDEV @ react_jsx-dev-runtime.js?v=91c54a94:250
DesktopApp @ DesktopApp.tsx:245
react_stack_bottom_frame @ react-dom_client.js?v=91c54a94:17424
renderWithHooksAgain @ react-dom_client.js?v=91c54a94:4281
renderWithHooks @ react-dom_client.js?v=91c54a94:4217
updateFunctionComponent @ react-dom_client.js?v=91c54a94:6619
beginWork @ react-dom_client.js?v=91c54a94:7654
runWithFiberInDEV @ react-dom_client.js?v=91c54a94:1485
performUnitOfWork @ react-dom_client.js?v=91c54a94:10868
workLoopSync @ react-dom_client.js?v=91c54a94:10728
renderRootSync @ react-dom_client.js?v=91c54a94:10711
performWorkOnRoot @ react-dom_client.js?v=91c54a94:10330
performWorkOnRootViaSchedulerTask @ react-dom_client.js?v=91c54a94:11623
performWorkUntilDeadline @ react-dom_client.js?v=91c54a94:36
<DesktopApp>





Terminal.tsx:466 Maximum update depth exceeded. This can happen when a component calls setState inside useEffect, but useEffect either doesn't have a dependency array, or one of the dependencies changes on every render.
getRootForUpdatedFiber @ react-dom_client.js?v=91c54a94:3004
enqueueConcurrentHookUpdate @ react-dom_client.js?v=91c54a94:2985
dispatchSetStateInternal @ react-dom_client.js?v=91c54a94:5350
dispatchSetState @ react-dom_client.js?v=91c54a94:5321
(anonymous) @ Terminal.tsx:466
frontend-logger.ts:205 🚀 POST localhost/session
frontend-logger.ts:107 [12:40:55 PM.274] ℹ️ [INFO] 🔐 [AUTH] REQUEST: → Starting request to http://localhost:30001/session (request)
frontend-logger.ts:107 [12:40:55 PM.298] ℹ️ [INFO] 🔐 [AUTH] RESPONSE: ← ✅ 200 ⚡ 24ms (response, 24ms, status:200)
